<?xml version="1.0" encoding="UTF-8"?>
<!-- Generated by org.testng.reporters.JUnitXMLReporter -->
<testsuite ignored="1" hostname="Gajanans-MacBook-Pro.local" failures="0" tests="5" name="Personal loan" time="0.069" errors="0" timestamp="22 Feb 2024 08:53:34 GMT">
  <testcase classname="test.day1" name="Demo" time="0.007"/>
  <testcase classname="test.day2" name="ploan" time="0.007"/>
  <testcase classname="test.day4" name="LoginAPIHomeLoan" time="0.001"/>
  <testcase classname="test.day4" name="MobileLoginHomeLoan" time="0.001"/>
  <testcase classname="test.day4" name="WebloginHomeLoan" time="0.002"/>
  <testcase classname="test.day1" name="SecondTest" time="0.0">
    <ignored/>
  </testcase> <!-- SecondTest -->
</testsuite> <!-- Personal loan -->
