<?xml version="1.0" encoding="UTF-8"?>
<testng-results ignored="0" total="1" passed="1" failed="0" skipped="0">
  <reporter-output>
  </reporter-output>
  <suite started-at="2024-02-23T12:21:16 IST" name="Loan Department" finished-at="2024-02-23T12:21:16 IST" duration-ms="60">
    <groups>
      <group name="Smoke">
        <method signature="day5.grouprun()[pri:0, instance:test.day5@60099951]" name="grouprun" class="test.day5"/>
      </group> <!-- Smoke -->
    </groups>
    <test started-at="2024-02-23T12:21:16 IST" name="Regression" finished-at="2024-02-23T12:21:16 IST" duration-ms="60">
      <class name="test.day5">
        <test-method signature="grouprun()[pri:0, instance:test.day5@60099951]" started-at="2024-02-23T12:21:16 IST" name="grouprun" finished-at="2024-02-23T12:21:16 IST" duration-ms="11" status="PASS">
          <reporter-output>
          </reporter-output>
        </test-method> <!-- grouprun -->
      </class> <!-- test.day5 -->
    </test> <!-- Regression -->
  </suite> <!-- Loan Department -->
</testng-results>
